<?xml version="1.0" encoding="UTF-8"?>
<testng-results skipped="0" failed="0" total="2" passed="2">
  <reporter-output>
  </reporter-output>
  <suite name="com.test.LoginTest" duration-ms="85453" started-at="2018-05-15T13:57:57Z" finished-at="2018-05-15T13:59:22Z">
    <groups>
    </groups>
    <test name="Command line test" duration-ms="85453" started-at="2018-05-15T13:57:57Z" finished-at="2018-05-15T13:59:22Z">
      <class name="com.test.LoginTest">
        <test-method status="PASS" signature="setUp()[pri:0, instance:com.test.LoginTest@22f71333]" name="setUp" is-config="true" duration-ms="47999" started-at="2018-05-15T19:27:57Z" finished-at="2018-05-15T19:28:45Z">
          <reporter-output>
          </reporter-output>
        </test-method> <!-- setUp -->
        <test-method status="PASS" signature="freeCRMLogoTest()[pri:0, instance:com.test.LoginTest@22f71333]" name="freeCRMLogoTest" duration-ms="96" started-at="2018-05-15T19:28:45Z" finished-at="2018-05-15T19:28:45Z">
          <reporter-output>
          </reporter-output>
        </test-method> <!-- freeCRMLogoTest -->
        <test-method status="PASS" signature="tearDown()[pri:0, instance:com.test.LoginTest@22f71333]" name="tearDown" is-config="true" duration-ms="1188" started-at="2018-05-15T19:28:45Z" finished-at="2018-05-15T19:28:46Z">
          <reporter-output>
          </reporter-output>
        </test-method> <!-- tearDown -->
        <test-method status="PASS" signature="setUp()[pri:0, instance:com.test.LoginTest@22f71333]" name="setUp" is-config="true" duration-ms="35396" started-at="2018-05-15T19:28:46Z" finished-at="2018-05-15T19:29:22Z">
          <reporter-output>
          </reporter-output>
        </test-method> <!-- setUp -->
        <test-method status="PASS" signature="freeCRMTitleTest()[pri:0, instance:com.test.LoginTest@22f71333]" name="freeCRMTitleTest" duration-ms="42" started-at="2018-05-15T19:29:22Z" finished-at="2018-05-15T19:29:22Z">
          <reporter-output>
          </reporter-output>
        </test-method> <!-- freeCRMTitleTest -->
        <test-method status="PASS" signature="tearDown()[pri:0, instance:com.test.LoginTest@22f71333]" name="tearDown" is-config="true" duration-ms="690" started-at="2018-05-15T19:29:22Z" finished-at="2018-05-15T19:29:22Z">
          <reporter-output>
          </reporter-output>
        </test-method> <!-- tearDown -->
      </class> <!-- com.test.LoginTest -->
    </test> <!-- Command line test -->
  </suite> <!-- com.test.LoginTest -->
</testng-results>
