<?xml version="1.0" encoding="UTF-8"?>
<testng-results skipped="0" failed="0" total="2" passed="2">
  <reporter-output>
  </reporter-output>
  <suite name="Default suite" duration-ms="23747" started-at="2018-05-15T14:25:45Z" finished-at="2018-05-15T14:26:09Z">
    <groups>
    </groups>
    <test name="Default test" duration-ms="23747" started-at="2018-05-15T14:25:45Z" finished-at="2018-05-15T14:26:09Z">
      <class name="com.test.LoginTest">
        <test-method status="PASS" signature="setUp()[pri:0, instance:com.test.LoginTest@735b5592]" name="setUp" is-config="true" duration-ms="12457" started-at="2018-05-15T19:55:45Z" finished-at="2018-05-15T19:55:58Z">
          <reporter-output>
          </reporter-output>
        </test-method> <!-- setUp -->
        <test-method status="PASS" signature="freeCRMLogoTest()[pri:0, instance:com.test.LoginTest@735b5592]" name="freeCRMLogoTest" duration-ms="112" started-at="2018-05-15T19:55:58Z" finished-at="2018-05-15T19:55:58Z">
          <reporter-output>
          </reporter-output>
        </test-method> <!-- freeCRMLogoTest -->
        <test-method status="PASS" signature="tearDown()[pri:0, instance:com.test.LoginTest@735b5592]" name="tearDown" is-config="true" duration-ms="788" started-at="2018-05-15T19:55:58Z" finished-at="2018-05-15T19:55:59Z">
          <reporter-output>
          </reporter-output>
        </test-method> <!-- tearDown -->
        <test-method status="PASS" signature="setUp()[pri:0, instance:com.test.LoginTest@735b5592]" name="setUp" is-config="true" duration-ms="9368" started-at="2018-05-15T19:55:59Z" finished-at="2018-05-15T19:56:08Z">
          <reporter-output>
          </reporter-output>
        </test-method> <!-- setUp -->
        <test-method status="PASS" signature="freeCRMTitleTest()[pri:0, instance:com.test.LoginTest@735b5592]" name="freeCRMTitleTest" duration-ms="95" started-at="2018-05-15T19:56:08Z" finished-at="2018-05-15T19:56:08Z">
          <reporter-output>
          </reporter-output>
        </test-method> <!-- freeCRMTitleTest -->
        <test-method status="PASS" signature="tearDown()[pri:0, instance:com.test.LoginTest@735b5592]" name="tearDown" is-config="true" duration-ms="904" started-at="2018-05-15T19:56:08Z" finished-at="2018-05-15T19:56:09Z">
          <reporter-output>
          </reporter-output>
        </test-method> <!-- tearDown -->
      </class> <!-- com.test.LoginTest -->
    </test> <!-- Default test -->
  </suite> <!-- Default suite -->
</testng-results>
